ISim log file
Running: /home/shreyas/Desktop/IIT KGP/5th sem/COA/Assn3/Assgn3_Grp_63/Ripple_Carry_Adder/full_adder_tb_isim_beh.exe -intstyle ise -gui -tclbatch isim.cmd -wdb /home/shreyas/Desktop/IIT KGP/5th sem/COA/Assn3/Assgn3_Grp_63/Ripple_Carry_Adder/full_adder_tb_isim_beh.wdb 
ISim P.20131013 (signature 0xfbc00daa)
WARNING: A WEBPACK license was found.
WARNING: Please use Xilinx License Configuration Manager to check out a full ISim license.
WARNING: ISim will run in Lite mode. Please refer to the ISim documentation for more information on the differences between the Lite and the Full version.
This is a Lite version of ISim.
Time resolution is 1 ps
# onerror resume
# wave add /
# run 1000 ns
Simulator is doing circuit initialization process.
Finished circuit initialization process.
IN1 = 0, IN2 = 0, CIN = 0, sum = 0, carry = 0
IN1 = 0, IN2 = 1, CIN = 0, sum = 1, carry = 0
IN1 = 1, IN2 = 0, CIN = 0, sum = 1, carry = 0
IN1 = 1, IN2 = 1, CIN = 0, sum = 0, carry = 1
IN1 = 0, IN2 = 0, CIN = 1, sum = 1, carry = 0
IN1 = 0, IN2 = 1, CIN = 1, sum = 0, carry = 1
IN1 = 1, IN2 = 0, CIN = 1, sum = 0, carry = 1
IN1 = 1, IN2 = 1, CIN = 1, sum = 1, carry = 1
Stopped at time : 16 ns : File "/home/shreyas/Desktop/IIT KGP/5th sem/COA/Assn3/Assgn3_Grp_63/Ripple_Carry_Adder/full_adder_tb.v" Line 67
