Release 14.7 - xst P.20131013 (lin64)
Copyright (c) 1995-2013 Xilinx, Inc.  All rights reserved.
--> 
Parameter TMPDIR set to xst/projnav.tmp


Total REAL time to Xst completion: 0.00 secs
Total CPU time to Xst completion: 0.04 secs
 
--> 
Parameter xsthdpdir set to xst


Total REAL time to Xst completion: 0.00 secs
Total CPU time to Xst completion: 0.04 secs
 
--> 
Reading design: wrapper.prj

TABLE OF CONTENTS
  1) Synthesis Options Summary
  2) HDL Parsing
  3) HDL Elaboration
  4) HDL Synthesis
       4.1) HDL Synthesis Report
  5) Advanced HDL Synthesis
       5.1) Advanced HDL Synthesis Report
  6) Low Level Synthesis
  7) Partition Report
  8) Design Summary
       8.1) Primitive and Black Box Usage
       8.2) Device utilization summary
       8.3) Partition Resource Summary
       8.4) Timing Report
            8.4.1) Clock Information
            8.4.2) Asynchronous Control Signals Information
            8.4.3) Timing Summary
            8.4.4) Timing Details
            8.4.5) Cross Clock Domains Report


=========================================================================
*                      Synthesis Options Summary                        *
=========================================================================
---- Source Parameters
Input File Name                    : "wrapper.prj"
Ignore Synthesis Constraint File   : NO

---- Target Parameters
Output File Name                   : "wrapper"
Output Format                      : NGC
Target Device                      : xc7a100t-1-csg324

---- Source Options
Top Module Name                    : wrapper
Automatic FSM Extraction           : YES
FSM Encoding Algorithm             : Auto
Safe Implementation                : No
FSM Style                          : LUT
RAM Extraction                     : Yes
RAM Style                          : Auto
ROM Extraction                     : Yes
Shift Register Extraction          : YES
ROM Style                          : Auto
Resource Sharing                   : YES
Asynchronous To Synchronous        : NO
Shift Register Minimum Size        : 2
Use DSP Block                      : Auto
Automatic Register Balancing       : No

---- Target Options
LUT Combining                      : Auto
Reduce Control Sets                : Auto
Add IO Buffers                     : YES
Global Maximum Fanout              : 100000
Add Generic Clock Buffer(BUFG)     : 32
Register Duplication               : YES
Optimize Instantiated Primitives   : NO
Use Clock Enable                   : Auto
Use Synchronous Set                : Auto
Use Synchronous Reset              : Auto
Pack IO Registers into IOBs        : Auto
Equivalent register Removal        : YES

---- General Options
Optimization Goal                  : Speed
Optimization Effort                : 1
Power Reduction                    : NO
Keep Hierarchy                     : Yes
Netlist Hierarchy                  : As_Optimized
RTL Output                         : Yes
Global Optimization                : AllClockNets
Read Cores                         : YES
Write Timing Constraints           : NO
Cross Clock Analysis               : NO
Hierarchy Separator                : /
Bus Delimiter                      : <>
Case Specifier                     : Maintain
Slice Utilization Ratio            : 100
BRAM Utilization Ratio             : 100
DSP48 Utilization Ratio            : 100
Auto BRAM Packing                  : NO
Slice Utilization Ratio Delta      : 5

=========================================================================


=========================================================================
*                          HDL Parsing                                  *
=========================================================================
Analyzing Verilog file "/home/shreyas/Desktop/IIT KGP/5th sem/COA/Assn3/Assgn3_Grp_63/Ripple_Carry_Adder/full_adder.v" into library work
Parsing module <full_adder>.
Analyzing Verilog file "/home/shreyas/Desktop/IIT KGP/5th sem/COA/Assn3/Assgn3_Grp_63/Ripple_Carry_Adder/rca_8bit.v" into library work
Parsing module <rca_8bit>.
Analyzing Verilog file "/home/shreyas/Desktop/IIT KGP/5th sem/COA/Assn3/Assgn3_Grp_63/Ripple_Carry_Adder/rca_16bit.v" into library work
Parsing module <rca_16bit>.
Analyzing Verilog file "/home/shreyas/Desktop/IIT KGP/5th sem/COA/Assn3/Assgn3_Grp_63/Ripple_Carry_Adder/rca_32bit.v" into library work
Parsing module <rca_32bit>.
Analyzing Verilog file "/home/shreyas/Desktop/IIT KGP/5th sem/COA/Assn3/Assgn3_Grp_63/Ripple_Carry_Adder/rca_64bit.v" into library work
Parsing module <rca_64bit>.
Analyzing Verilog file "/home/shreyas/Desktop/IIT KGP/5th sem/COA/Assn3/Assgn3_Grp_63/Ripple_Carry_Adder/wrapper.v" into library work
Parsing module <wrapper>.

=========================================================================
*                            HDL Elaboration                            *
=========================================================================

Elaborating module <wrapper>.
WARNING:HDLCompiler:1127 - "/home/shreyas/Desktop/IIT KGP/5th sem/COA/Assn3/Assgn3_Grp_63/Ripple_Carry_Adder/wrapper.v" Line 39: Assignment to in1_reg ignored, since the identifier is never used

Elaborating module <rca_64bit>.

Elaborating module <rca_32bit>.

Elaborating module <rca_16bit>.

Elaborating module <rca_8bit>.

Elaborating module <full_adder>.

=========================================================================
*                           HDL Synthesis                               *
=========================================================================

Synthesizing Unit <wrapper>.
    Related source file is "/home/shreyas/Desktop/IIT KGP/5th sem/COA/Assn3/Assgn3_Grp_63/Ripple_Carry_Adder/wrapper.v".
    Found 64-bit register for signal <sum>.
    Found 1-bit register for signal <cout>.
    Summary:
	inferred  65 D-type flip-flop(s).
Unit <wrapper> synthesized.

Synthesizing Unit <rca_64bit>.
    Related source file is "/home/shreyas/Desktop/IIT KGP/5th sem/COA/Assn3/Assgn3_Grp_63/Ripple_Carry_Adder/rca_64bit.v".
    Summary:
	no macro.
Unit <rca_64bit> synthesized.

Synthesizing Unit <rca_32bit>.
    Related source file is "/home/shreyas/Desktop/IIT KGP/5th sem/COA/Assn3/Assgn3_Grp_63/Ripple_Carry_Adder/rca_32bit.v".
    Summary:
	no macro.
Unit <rca_32bit> synthesized.

Synthesizing Unit <rca_16bit>.
    Related source file is "/home/shreyas/Desktop/IIT KGP/5th sem/COA/Assn3/Assgn3_Grp_63/Ripple_Carry_Adder/rca_16bit.v".
    Summary:
	no macro.
Unit <rca_16bit> synthesized.

Synthesizing Unit <rca_8bit>.
    Related source file is "/home/shreyas/Desktop/IIT KGP/5th sem/COA/Assn3/Assgn3_Grp_63/Ripple_Carry_Adder/rca_8bit.v".
    Summary:
	no macro.
Unit <rca_8bit> synthesized.

Synthesizing Unit <full_adder>.
    Related source file is "/home/shreyas/Desktop/IIT KGP/5th sem/COA/Assn3/Assgn3_Grp_63/Ripple_Carry_Adder/full_adder.v".
    Summary:
Unit <full_adder> synthesized.

=========================================================================
HDL Synthesis Report

Macro Statistics
# Registers                                            : 2
 1-bit register                                        : 1
 64-bit register                                       : 1
# Xors                                                 : 128
 1-bit xor2                                            : 64
 1-bit xor3                                            : 64

=========================================================================

=========================================================================
*                       Advanced HDL Synthesis                          *
=========================================================================


=========================================================================
Advanced HDL Synthesis Report

Macro Statistics
# Registers                                            : 65
 Flip-Flops                                            : 65
# Xors                                                 : 128
 1-bit xor2                                            : 64
 1-bit xor3                                            : 64

=========================================================================

=========================================================================
*                         Low Level Synthesis                           *
=========================================================================

Optimizing unit <wrapper> ...

Optimizing unit <rca_64bit> ...

Optimizing unit <rca_32bit> ...

Optimizing unit <rca_16bit> ...

Optimizing unit <rca_8bit> ...

Optimizing unit <full_adder> ...

Mapping all equations...
Building and optimizing final netlist ...
Found area constraint ratio of 100 (+ 5) on block wrapper, actual ratio is 0.

Final Macro Processing ...

=========================================================================
Final Register Report

Macro Statistics
# Registers                                            : 65
 Flip-Flops                                            : 65

=========================================================================

=========================================================================
*                           Partition Report                            *
=========================================================================

Partition Implementation Status
-------------------------------

  No Partitions were found in this design.

-------------------------------

=========================================================================
*                            Design Summary                             *
=========================================================================

Top Level Output File Name         : wrapper.ngc

Primitive and Black Box Usage:
------------------------------
# BELS                             : 128
#      LUT3                        : 128
# FlipFlops/Latches                : 65
#      FDR                         : 65
# Clock Buffers                    : 1
#      BUFGP                       : 1
# IO Buffers                       : 195
#      IBUF                        : 130
#      OBUF                        : 65

Device utilization summary:
---------------------------

Selected Device : 7a100tcsg324-1 


Slice Logic Utilization: 
 Number of Slice LUTs:                  128  out of  63400     0%  
    Number used as Logic:               128  out of  63400     0%  

Slice Logic Distribution: 
 Number of LUT Flip Flop pairs used:    128
   Number with an unused Flip Flop:     128  out of    128   100%  
   Number with an unused LUT:             0  out of    128     0%  
   Number of fully used LUT-FF pairs:     0  out of    128     0%  
   Number of unique control sets:         1

IO Utilization: 
 Number of IOs:                         196
 Number of bonded IOBs:                 196  out of    210    93%  
    IOB Flip Flops/Latches:              65

Specific Feature Utilization:
 Number of BUFG/BUFGCTRLs:                1  out of     32     3%  

---------------------------
Partition Resource Summary:
---------------------------

  No Partitions were found in this design.

---------------------------


=========================================================================
Timing Report

NOTE: THESE TIMING NUMBERS ARE ONLY A SYNTHESIS ESTIMATE.
      FOR ACCURATE TIMING INFORMATION PLEASE REFER TO THE TRACE REPORT
      GENERATED AFTER PLACE-and-ROUTE.

Clock Information:
------------------
-----------------------------------+------------------------+-------+
Clock Signal                       | Clock buffer(FF name)  | Load  |
-----------------------------------+------------------------+-------+
clk                                | BUFGP                  | 65    |
-----------------------------------+------------------------+-------+

Asynchronous Control Signals Information:
----------------------------------------
No asynchronous control signals found in this design

Timing Summary:
---------------
Speed Grade: -1

   Minimum period: No path found
   Minimum input arrival time before clock: 35.885ns
   Maximum output required time after clock: 0.877ns
   Maximum combinational path delay: No path found

Timing Details:
---------------
All values displayed in nanoseconds (ns)

=========================================================================
Timing constraint: Default OFFSET IN BEFORE for Clock 'clk'
  Total number of paths / destination ports: 4418 / 130
-------------------------------------------------------------------------
Offset:              35.885ns (Levels of Logic = 144)
  Source:            in1<0> (PAD)
  Destination:       sum_63 (FF)
  Destination Clock: clk rising

  Data Path: in1<0> to sum_63
                                Gate     Net
    Cell:in->out      fanout   Delay   Delay  Logical Name (Net Name)
    ----------------------------------------  ------------
     IBUF:I->O             2   0.001   0.722  in1_0_IBUF (in1_0_IBUF)
     begin scope: 'rca_64_bit:in1<0>'
     begin scope: 'rca_64_bit/rca_32bit_1:in1<0>'
     begin scope: 'rca_64_bit/rca_32bit_1/rca_16bit_1:in1<0>'
     begin scope: 'rca_64_bit/rca_32bit_1/rca_16bit_1/rca_8bit_1:in1<0>'
     begin scope: 'rca_64_bit/rca_32bit_1/rca_16bit_1/rca_8bit_1/fladd1:in1'
     LUT3:I0->O            2   0.124   0.427  cout1 (cout)
     end scope: 'rca_64_bit/rca_32bit_1/rca_16bit_1/rca_8bit_1/fladd1:cout'
     begin scope: 'rca_64_bit/rca_32bit_1/rca_16bit_1/rca_8bit_1/fladd2:cin'
     LUT3:I2->O            2   0.124   0.427  cout1 (cout)
     end scope: 'rca_64_bit/rca_32bit_1/rca_16bit_1/rca_8bit_1/fladd2:cout'
     begin scope: 'rca_64_bit/rca_32bit_1/rca_16bit_1/rca_8bit_1/fladd3:cin'
     LUT3:I2->O            2   0.124   0.427  cout1 (cout)
     end scope: 'rca_64_bit/rca_32bit_1/rca_16bit_1/rca_8bit_1/fladd3:cout'
     begin scope: 'rca_64_bit/rca_32bit_1/rca_16bit_1/rca_8bit_1/fladd4:cin'
     LUT3:I2->O            2   0.124   0.427  cout1 (cout)
     end scope: 'rca_64_bit/rca_32bit_1/rca_16bit_1/rca_8bit_1/fladd4:cout'
     begin scope: 'rca_64_bit/rca_32bit_1/rca_16bit_1/rca_8bit_1/fladd5:cin'
     LUT3:I2->O            2   0.124   0.427  cout1 (cout)
     end scope: 'rca_64_bit/rca_32bit_1/rca_16bit_1/rca_8bit_1/fladd5:cout'
     begin scope: 'rca_64_bit/rca_32bit_1/rca_16bit_1/rca_8bit_1/fladd6:cin'
     LUT3:I2->O            2   0.124   0.427  cout1 (cout)
     end scope: 'rca_64_bit/rca_32bit_1/rca_16bit_1/rca_8bit_1/fladd6:cout'
     begin scope: 'rca_64_bit/rca_32bit_1/rca_16bit_1/rca_8bit_1/fladd7:cin'
     LUT3:I2->O            2   0.124   0.427  cout1 (cout)
     end scope: 'rca_64_bit/rca_32bit_1/rca_16bit_1/rca_8bit_1/fladd7:cout'
     begin scope: 'rca_64_bit/rca_32bit_1/rca_16bit_1/rca_8bit_1/fladd8:cin'
     LUT3:I2->O            2   0.124   0.427  cout1 (cout)
     end scope: 'rca_64_bit/rca_32bit_1/rca_16bit_1/rca_8bit_1/fladd8:cout'
     end scope: 'rca_64_bit/rca_32bit_1/rca_16bit_1/rca_8bit_1:cout'
     begin scope: 'rca_64_bit/rca_32bit_1/rca_16bit_1/rca_8bit_2:cin'
     begin scope: 'rca_64_bit/rca_32bit_1/rca_16bit_1/rca_8bit_2/fladd1:cin'
     LUT3:I2->O            2   0.124   0.427  cout1 (cout)
     end scope: 'rca_64_bit/rca_32bit_1/rca_16bit_1/rca_8bit_2/fladd1:cout'
     begin scope: 'rca_64_bit/rca_32bit_1/rca_16bit_1/rca_8bit_2/fladd2:cin'
     LUT3:I2->O            2   0.124   0.427  cout1 (cout)
     end scope: 'rca_64_bit/rca_32bit_1/rca_16bit_1/rca_8bit_2/fladd2:cout'
     begin scope: 'rca_64_bit/rca_32bit_1/rca_16bit_1/rca_8bit_2/fladd3:cin'
     LUT3:I2->O            2   0.124   0.427  cout1 (cout)
     end scope: 'rca_64_bit/rca_32bit_1/rca_16bit_1/rca_8bit_2/fladd3:cout'
     begin scope: 'rca_64_bit/rca_32bit_1/rca_16bit_1/rca_8bit_2/fladd4:cin'
     LUT3:I2->O            2   0.124   0.427  cout1 (cout)
     end scope: 'rca_64_bit/rca_32bit_1/rca_16bit_1/rca_8bit_2/fladd4:cout'
     begin scope: 'rca_64_bit/rca_32bit_1/rca_16bit_1/rca_8bit_2/fladd5:cin'
     LUT3:I2->O            2   0.124   0.427  cout1 (cout)
     end scope: 'rca_64_bit/rca_32bit_1/rca_16bit_1/rca_8bit_2/fladd5:cout'
     begin scope: 'rca_64_bit/rca_32bit_1/rca_16bit_1/rca_8bit_2/fladd6:cin'
     LUT3:I2->O            2   0.124   0.427  cout1 (cout)
     end scope: 'rca_64_bit/rca_32bit_1/rca_16bit_1/rca_8bit_2/fladd6:cout'
     begin scope: 'rca_64_bit/rca_32bit_1/rca_16bit_1/rca_8bit_2/fladd7:cin'
     LUT3:I2->O            2   0.124   0.427  cout1 (cout)
     end scope: 'rca_64_bit/rca_32bit_1/rca_16bit_1/rca_8bit_2/fladd7:cout'
     begin scope: 'rca_64_bit/rca_32bit_1/rca_16bit_1/rca_8bit_2/fladd8:cin'
     LUT3:I2->O            2   0.124   0.427  cout1 (cout)
     end scope: 'rca_64_bit/rca_32bit_1/rca_16bit_1/rca_8bit_2/fladd8:cout'
     end scope: 'rca_64_bit/rca_32bit_1/rca_16bit_1/rca_8bit_2:cout'
     end scope: 'rca_64_bit/rca_32bit_1/rca_16bit_1:cout'
     begin scope: 'rca_64_bit/rca_32bit_1/rca_16bit_2:cin'
     begin scope: 'rca_64_bit/rca_32bit_1/rca_16bit_2/rca_8bit_1:cin'
     begin scope: 'rca_64_bit/rca_32bit_1/rca_16bit_2/rca_8bit_1/fladd1:cin'
     LUT3:I2->O            2   0.124   0.427  cout1 (cout)
     end scope: 'rca_64_bit/rca_32bit_1/rca_16bit_2/rca_8bit_1/fladd1:cout'
     begin scope: 'rca_64_bit/rca_32bit_1/rca_16bit_2/rca_8bit_1/fladd2:cin'
     LUT3:I2->O            2   0.124   0.427  cout1 (cout)
     end scope: 'rca_64_bit/rca_32bit_1/rca_16bit_2/rca_8bit_1/fladd2:cout'
     begin scope: 'rca_64_bit/rca_32bit_1/rca_16bit_2/rca_8bit_1/fladd3:cin'
     LUT3:I2->O            2   0.124   0.427  cout1 (cout)
     end scope: 'rca_64_bit/rca_32bit_1/rca_16bit_2/rca_8bit_1/fladd3:cout'
     begin scope: 'rca_64_bit/rca_32bit_1/rca_16bit_2/rca_8bit_1/fladd4:cin'
     LUT3:I2->O            2   0.124   0.427  cout1 (cout)
     end scope: 'rca_64_bit/rca_32bit_1/rca_16bit_2/rca_8bit_1/fladd4:cout'
     begin scope: 'rca_64_bit/rca_32bit_1/rca_16bit_2/rca_8bit_1/fladd5:cin'
     LUT3:I2->O            2   0.124   0.427  cout1 (cout)
     end scope: 'rca_64_bit/rca_32bit_1/rca_16bit_2/rca_8bit_1/fladd5:cout'
     begin scope: 'rca_64_bit/rca_32bit_1/rca_16bit_2/rca_8bit_1/fladd6:cin'
     LUT3:I2->O            2   0.124   0.427  cout1 (cout)
     end scope: 'rca_64_bit/rca_32bit_1/rca_16bit_2/rca_8bit_1/fladd6:cout'
     begin scope: 'rca_64_bit/rca_32bit_1/rca_16bit_2/rca_8bit_1/fladd7:cin'
     LUT3:I2->O            2   0.124   0.427  cout1 (cout)
     end scope: 'rca_64_bit/rca_32bit_1/rca_16bit_2/rca_8bit_1/fladd7:cout'
     begin scope: 'rca_64_bit/rca_32bit_1/rca_16bit_2/rca_8bit_1/fladd8:cin'
     LUT3:I2->O            2   0.124   0.427  cout1 (cout)
     end scope: 'rca_64_bit/rca_32bit_1/rca_16bit_2/rca_8bit_1/fladd8:cout'
     end scope: 'rca_64_bit/rca_32bit_1/rca_16bit_2/rca_8bit_1:cout'
     begin scope: 'rca_64_bit/rca_32bit_1/rca_16bit_2/rca_8bit_2:cin'
     begin scope: 'rca_64_bit/rca_32bit_1/rca_16bit_2/rca_8bit_2/fladd1:cin'
     LUT3:I2->O            2   0.124   0.427  cout1 (cout)
     end scope: 'rca_64_bit/rca_32bit_1/rca_16bit_2/rca_8bit_2/fladd1:cout'
     begin scope: 'rca_64_bit/rca_32bit_1/rca_16bit_2/rca_8bit_2/fladd2:cin'
     LUT3:I2->O            2   0.124   0.427  cout1 (cout)
     end scope: 'rca_64_bit/rca_32bit_1/rca_16bit_2/rca_8bit_2/fladd2:cout'
     begin scope: 'rca_64_bit/rca_32bit_1/rca_16bit_2/rca_8bit_2/fladd3:cin'
     LUT3:I2->O            2   0.124   0.427  cout1 (cout)
     end scope: 'rca_64_bit/rca_32bit_1/rca_16bit_2/rca_8bit_2/fladd3:cout'
     begin scope: 'rca_64_bit/rca_32bit_1/rca_16bit_2/rca_8bit_2/fladd4:cin'
     LUT3:I2->O            2   0.124   0.427  cout1 (cout)
     end scope: 'rca_64_bit/rca_32bit_1/rca_16bit_2/rca_8bit_2/fladd4:cout'
     begin scope: 'rca_64_bit/rca_32bit_1/rca_16bit_2/rca_8bit_2/fladd5:cin'
     LUT3:I2->O            2   0.124   0.427  cout1 (cout)
     end scope: 'rca_64_bit/rca_32bit_1/rca_16bit_2/rca_8bit_2/fladd5:cout'
     begin scope: 'rca_64_bit/rca_32bit_1/rca_16bit_2/rca_8bit_2/fladd6:cin'
     LUT3:I2->O            2   0.124   0.427  cout1 (cout)
     end scope: 'rca_64_bit/rca_32bit_1/rca_16bit_2/rca_8bit_2/fladd6:cout'
     begin scope: 'rca_64_bit/rca_32bit_1/rca_16bit_2/rca_8bit_2/fladd7:cin'
     LUT3:I2->O            2   0.124   0.427  cout1 (cout)
     end scope: 'rca_64_bit/rca_32bit_1/rca_16bit_2/rca_8bit_2/fladd7:cout'
     begin scope: 'rca_64_bit/rca_32bit_1/rca_16bit_2/rca_8bit_2/fladd8:cin'
     LUT3:I2->O            2   0.124   0.427  cout1 (cout)
     end scope: 'rca_64_bit/rca_32bit_1/rca_16bit_2/rca_8bit_2/fladd8:cout'
     end scope: 'rca_64_bit/rca_32bit_1/rca_16bit_2/rca_8bit_2:cout'
     end scope: 'rca_64_bit/rca_32bit_1/rca_16bit_2:cout'
     end scope: 'rca_64_bit/rca_32bit_1:cout'
     begin scope: 'rca_64_bit/rca_32bit_2:cin'
     begin scope: 'rca_64_bit/rca_32bit_2/rca_16bit_1:cin'
     begin scope: 'rca_64_bit/rca_32bit_2/rca_16bit_1/rca_8bit_1:cin'
     begin scope: 'rca_64_bit/rca_32bit_2/rca_16bit_1/rca_8bit_1/fladd1:cin'
     LUT3:I2->O            2   0.124   0.427  cout1 (cout)
     end scope: 'rca_64_bit/rca_32bit_2/rca_16bit_1/rca_8bit_1/fladd1:cout'
     begin scope: 'rca_64_bit/rca_32bit_2/rca_16bit_1/rca_8bit_1/fladd2:cin'
     LUT3:I2->O            2   0.124   0.427  cout1 (cout)
     end scope: 'rca_64_bit/rca_32bit_2/rca_16bit_1/rca_8bit_1/fladd2:cout'
     begin scope: 'rca_64_bit/rca_32bit_2/rca_16bit_1/rca_8bit_1/fladd3:cin'
     LUT3:I2->O            2   0.124   0.427  cout1 (cout)
     end scope: 'rca_64_bit/rca_32bit_2/rca_16bit_1/rca_8bit_1/fladd3:cout'
     begin scope: 'rca_64_bit/rca_32bit_2/rca_16bit_1/rca_8bit_1/fladd4:cin'
     LUT3:I2->O            2   0.124   0.427  cout1 (cout)
     end scope: 'rca_64_bit/rca_32bit_2/rca_16bit_1/rca_8bit_1/fladd4:cout'
     begin scope: 'rca_64_bit/rca_32bit_2/rca_16bit_1/rca_8bit_1/fladd5:cin'
     LUT3:I2->O            2   0.124   0.427  cout1 (cout)
     end scope: 'rca_64_bit/rca_32bit_2/rca_16bit_1/rca_8bit_1/fladd5:cout'
     begin scope: 'rca_64_bit/rca_32bit_2/rca_16bit_1/rca_8bit_1/fladd6:cin'
     LUT3:I2->O            2   0.124   0.427  cout1 (cout)
     end scope: 'rca_64_bit/rca_32bit_2/rca_16bit_1/rca_8bit_1/fladd6:cout'
     begin scope: 'rca_64_bit/rca_32bit_2/rca_16bit_1/rca_8bit_1/fladd7:cin'
     LUT3:I2->O            2   0.124   0.427  cout1 (cout)
     end scope: 'rca_64_bit/rca_32bit_2/rca_16bit_1/rca_8bit_1/fladd7:cout'
     begin scope: 'rca_64_bit/rca_32bit_2/rca_16bit_1/rca_8bit_1/fladd8:cin'
     LUT3:I2->O            2   0.124   0.427  cout1 (cout)
     end scope: 'rca_64_bit/rca_32bit_2/rca_16bit_1/rca_8bit_1/fladd8:cout'
     end scope: 'rca_64_bit/rca_32bit_2/rca_16bit_1/rca_8bit_1:cout'
     begin scope: 'rca_64_bit/rca_32bit_2/rca_16bit_1/rca_8bit_2:cin'
     begin scope: 'rca_64_bit/rca_32bit_2/rca_16bit_1/rca_8bit_2/fladd1:cin'
     LUT3:I2->O            2   0.124   0.427  cout1 (cout)
     end scope: 'rca_64_bit/rca_32bit_2/rca_16bit_1/rca_8bit_2/fladd1:cout'
     begin scope: 'rca_64_bit/rca_32bit_2/rca_16bit_1/rca_8bit_2/fladd2:cin'
     LUT3:I2->O            2   0.124   0.427  cout1 (cout)
     end scope: 'rca_64_bit/rca_32bit_2/rca_16bit_1/rca_8bit_2/fladd2:cout'
     begin scope: 'rca_64_bit/rca_32bit_2/rca_16bit_1/rca_8bit_2/fladd3:cin'
     LUT3:I2->O            2   0.124   0.427  cout1 (cout)
     end scope: 'rca_64_bit/rca_32bit_2/rca_16bit_1/rca_8bit_2/fladd3:cout'
     begin scope: 'rca_64_bit/rca_32bit_2/rca_16bit_1/rca_8bit_2/fladd4:cin'
     LUT3:I2->O            2   0.124   0.427  cout1 (cout)
     end scope: 'rca_64_bit/rca_32bit_2/rca_16bit_1/rca_8bit_2/fladd4:cout'
     begin scope: 'rca_64_bit/rca_32bit_2/rca_16bit_1/rca_8bit_2/fladd5:cin'
     LUT3:I2->O            2   0.124   0.427  cout1 (cout)
     end scope: 'rca_64_bit/rca_32bit_2/rca_16bit_1/rca_8bit_2/fladd5:cout'
     begin scope: 'rca_64_bit/rca_32bit_2/rca_16bit_1/rca_8bit_2/fladd6:cin'
     LUT3:I2->O            2   0.124   0.427  cout1 (cout)
     end scope: 'rca_64_bit/rca_32bit_2/rca_16bit_1/rca_8bit_2/fladd6:cout'
     begin scope: 'rca_64_bit/rca_32bit_2/rca_16bit_1/rca_8bit_2/fladd7:cin'
     LUT3:I2->O            2   0.124   0.427  cout1 (cout)
     end scope: 'rca_64_bit/rca_32bit_2/rca_16bit_1/rca_8bit_2/fladd7:cout'
     begin scope: 'rca_64_bit/rca_32bit_2/rca_16bit_1/rca_8bit_2/fladd8:cin'
     LUT3:I2->O            2   0.124   0.427  cout1 (cout)
     end scope: 'rca_64_bit/rca_32bit_2/rca_16bit_1/rca_8bit_2/fladd8:cout'
     end scope: 'rca_64_bit/rca_32bit_2/rca_16bit_1/rca_8bit_2:cout'
     end scope: 'rca_64_bit/rca_32bit_2/rca_16bit_1:cout'
     begin scope: 'rca_64_bit/rca_32bit_2/rca_16bit_2:cin'
     begin scope: 'rca_64_bit/rca_32bit_2/rca_16bit_2/rca_8bit_1:cin'
     begin scope: 'rca_64_bit/rca_32bit_2/rca_16bit_2/rca_8bit_1/fladd1:cin'
     LUT3:I2->O            2   0.124   0.427  cout1 (cout)
     end scope: 'rca_64_bit/rca_32bit_2/rca_16bit_2/rca_8bit_1/fladd1:cout'
     begin scope: 'rca_64_bit/rca_32bit_2/rca_16bit_2/rca_8bit_1/fladd2:cin'
     LUT3:I2->O            2   0.124   0.427  cout1 (cout)
     end scope: 'rca_64_bit/rca_32bit_2/rca_16bit_2/rca_8bit_1/fladd2:cout'
     begin scope: 'rca_64_bit/rca_32bit_2/rca_16bit_2/rca_8bit_1/fladd3:cin'
     LUT3:I2->O            2   0.124   0.427  cout1 (cout)
     end scope: 'rca_64_bit/rca_32bit_2/rca_16bit_2/rca_8bit_1/fladd3:cout'
     begin scope: 'rca_64_bit/rca_32bit_2/rca_16bit_2/rca_8bit_1/fladd4:cin'
     LUT3:I2->O            2   0.124   0.427  cout1 (cout)
     end scope: 'rca_64_bit/rca_32bit_2/rca_16bit_2/rca_8bit_1/fladd4:cout'
     begin scope: 'rca_64_bit/rca_32bit_2/rca_16bit_2/rca_8bit_1/fladd5:cin'
     LUT3:I2->O            2   0.124   0.427  cout1 (cout)
     end scope: 'rca_64_bit/rca_32bit_2/rca_16bit_2/rca_8bit_1/fladd5:cout'
     begin scope: 'rca_64_bit/rca_32bit_2/rca_16bit_2/rca_8bit_1/fladd6:cin'
     LUT3:I2->O            2   0.124   0.427  cout1 (cout)
     end scope: 'rca_64_bit/rca_32bit_2/rca_16bit_2/rca_8bit_1/fladd6:cout'
     begin scope: 'rca_64_bit/rca_32bit_2/rca_16bit_2/rca_8bit_1/fladd7:cin'
     LUT3:I2->O            2   0.124   0.427  cout1 (cout)
     end scope: 'rca_64_bit/rca_32bit_2/rca_16bit_2/rca_8bit_1/fladd7:cout'
     begin scope: 'rca_64_bit/rca_32bit_2/rca_16bit_2/rca_8bit_1/fladd8:cin'
     LUT3:I2->O            2   0.124   0.427  cout1 (cout)
     end scope: 'rca_64_bit/rca_32bit_2/rca_16bit_2/rca_8bit_1/fladd8:cout'
     end scope: 'rca_64_bit/rca_32bit_2/rca_16bit_2/rca_8bit_1:cout'
     begin scope: 'rca_64_bit/rca_32bit_2/rca_16bit_2/rca_8bit_2:cin'
     begin scope: 'rca_64_bit/rca_32bit_2/rca_16bit_2/rca_8bit_2/fladd1:cin'
     LUT3:I2->O            2   0.124   0.427  cout1 (cout)
     end scope: 'rca_64_bit/rca_32bit_2/rca_16bit_2/rca_8bit_2/fladd1:cout'
     begin scope: 'rca_64_bit/rca_32bit_2/rca_16bit_2/rca_8bit_2/fladd2:cin'
     LUT3:I2->O            2   0.124   0.427  cout1 (cout)
     end scope: 'rca_64_bit/rca_32bit_2/rca_16bit_2/rca_8bit_2/fladd2:cout'
     begin scope: 'rca_64_bit/rca_32bit_2/rca_16bit_2/rca_8bit_2/fladd3:cin'
     LUT3:I2->O            2   0.124   0.427  cout1 (cout)
     end scope: 'rca_64_bit/rca_32bit_2/rca_16bit_2/rca_8bit_2/fladd3:cout'
     begin scope: 'rca_64_bit/rca_32bit_2/rca_16bit_2/rca_8bit_2/fladd4:cin'
     LUT3:I2->O            2   0.124   0.427  cout1 (cout)
     end scope: 'rca_64_bit/rca_32bit_2/rca_16bit_2/rca_8bit_2/fladd4:cout'
     begin scope: 'rca_64_bit/rca_32bit_2/rca_16bit_2/rca_8bit_2/fladd5:cin'
     LUT3:I2->O            2   0.124   0.427  cout1 (cout)
     end scope: 'rca_64_bit/rca_32bit_2/rca_16bit_2/rca_8bit_2/fladd5:cout'
     begin scope: 'rca_64_bit/rca_32bit_2/rca_16bit_2/rca_8bit_2/fladd6:cin'
     LUT3:I2->O            2   0.124   0.427  cout1 (cout)
     end scope: 'rca_64_bit/rca_32bit_2/rca_16bit_2/rca_8bit_2/fladd6:cout'
     begin scope: 'rca_64_bit/rca_32bit_2/rca_16bit_2/rca_8bit_2/fladd7:cin'
     LUT3:I2->O            2   0.124   0.722  cout1 (cout)
     end scope: 'rca_64_bit/rca_32bit_2/rca_16bit_2/rca_8bit_2/fladd7:cout'
     begin scope: 'rca_64_bit/rca_32bit_2/rca_16bit_2/rca_8bit_2/fladd8:cin'
     LUT3:I0->O            1   0.124   0.000  out1 (out)
     end scope: 'rca_64_bit/rca_32bit_2/rca_16bit_2/rca_8bit_2/fladd8:out'
     end scope: 'rca_64_bit/rca_32bit_2/rca_16bit_2/rca_8bit_2:sum<7>'
     end scope: 'rca_64_bit/rca_32bit_2/rca_16bit_2:sum<15>'
     end scope: 'rca_64_bit/rca_32bit_2:sum<31>'
     end scope: 'rca_64_bit:sum<63>'
     FDR:D                     0.030          sum_63
    ----------------------------------------
    Total                     35.885ns (7.967ns logic, 27.918ns route)
                                       (22.2% logic, 77.8% route)

=========================================================================
Timing constraint: Default OFFSET OUT AFTER for Clock 'clk'
  Total number of paths / destination ports: 65 / 65
-------------------------------------------------------------------------
Offset:              0.877ns (Levels of Logic = 1)
  Source:            sum_63 (FF)
  Destination:       sum<63> (PAD)
  Source Clock:      clk rising

  Data Path: sum_63 to sum<63>
                                Gate     Net
    Cell:in->out      fanout   Delay   Delay  Logical Name (Net Name)
    ----------------------------------------  ------------
     FDR:C->Q              1   0.478   0.399  sum_63 (sum_63)
     OBUF:I->O                 0.000          sum_63_OBUF (sum<63>)
    ----------------------------------------
    Total                      0.877ns (0.478ns logic, 0.399ns route)
                                       (54.5% logic, 45.5% route)

=========================================================================

Cross Clock Domains Report:
--------------------------

=========================================================================


Total REAL time to Xst completion: 6.00 secs
Total CPU time to Xst completion: 5.77 secs
 
--> 


Total memory usage is 488160 kilobytes

Number of errors   :    0 (   0 filtered)
Number of warnings :    1 (   0 filtered)
Number of infos    :    0 (   0 filtered)

